mode: set
ThresholdKyber.com/m/owcpa_TKyber/D_flood.go:21.86,23.29 2 1
ThresholdKyber.com/m/owcpa_TKyber/D_flood.go:27.2,28.29 2 1
ThresholdKyber.com/m/owcpa_TKyber/D_flood.go:32.2,35.12 3 1
ThresholdKyber.com/m/owcpa_TKyber/D_flood.go:23.29,25.3 1 1
ThresholdKyber.com/m/owcpa_TKyber/D_flood.go:28.29,30.3 1 1
ThresholdKyber.com/m/owcpa_TKyber/D_flood.go:40.86,46.27 5 1
ThresholdKyber.com/m/owcpa_TKyber/D_flood.go:55.2,55.10 1 1
ThresholdKyber.com/m/owcpa_TKyber/D_flood.go:46.27,49.30 3 1
ThresholdKyber.com/m/owcpa_TKyber/D_flood.go:53.3,53.15 1 1
ThresholdKyber.com/m/owcpa_TKyber/D_flood.go:49.30,52.4 2 1
ThresholdKyber.com/m/owcpa_TKyber/LSSAdditive.go:12.87,14.25 2 1
ThresholdKyber.com/m/owcpa_TKyber/LSSAdditive.go:18.2,18.24 1 1
ThresholdKyber.com/m/owcpa_TKyber/LSSAdditive.go:22.2,22.32 1 1
ThresholdKyber.com/m/owcpa_TKyber/LSSAdditive.go:29.2,29.15 1 1
ThresholdKyber.com/m/owcpa_TKyber/LSSAdditive.go:14.25,16.3 1 1
ThresholdKyber.com/m/owcpa_TKyber/LSSAdditive.go:18.24,20.3 1 1
ThresholdKyber.com/m/owcpa_TKyber/LSSAdditive.go:22.32,24.26 2 1
ThresholdKyber.com/m/owcpa_TKyber/LSSAdditive.go:24.26,26.4 1 1
ThresholdKyber.com/m/owcpa_TKyber/LSSAdditive.go:32.81,35.33 2 1
ThresholdKyber.com/m/owcpa_TKyber/LSSAdditive.go:38.2,40.12 2 1
ThresholdKyber.com/m/owcpa_TKyber/LSSAdditive.go:35.33,37.3 1 1
ThresholdKyber.com/m/owcpa_TKyber/LSSAdditive.go:43.70,46.28 2 1
ThresholdKyber.com/m/owcpa_TKyber/LSSAdditive.go:50.2,51.28 2 1
ThresholdKyber.com/m/owcpa_TKyber/LSSAdditive.go:55.2,55.15 1 1
ThresholdKyber.com/m/owcpa_TKyber/LSSAdditive.go:46.28,48.3 1 1
ThresholdKyber.com/m/owcpa_TKyber/LSSAdditive.go:51.28,53.3 1 1
ThresholdKyber.com/m/owcpa_TKyber/LSSAdditive.go:58.49,60.27 2 1
ThresholdKyber.com/m/owcpa_TKyber/LSSAdditive.go:63.2,63.34 1 1
ThresholdKyber.com/m/owcpa_TKyber/LSSAdditive.go:60.27,62.3 1 1
ThresholdKyber.com/m/owcpa_TKyber/LSSAdditive.go:66.64,68.30 2 1
ThresholdKyber.com/m/owcpa_TKyber/LSSAdditive.go:71.2,71.12 1 1
ThresholdKyber.com/m/owcpa_TKyber/LSSAdditive.go:68.30,70.3 1 1
ThresholdKyber.com/m/owcpa_TKyber/LSSAdditive.go:74.49,80.2 4 1
ThresholdKyber.com/m/owcpa_TKyber/LSSNaive.go:9.84,11.2 1 1
ThresholdKyber.com/m/owcpa_TKyber/LSSNaive.go:13.78,15.2 1 1
ThresholdKyber.com/m/owcpa_TKyber/LSSReplicated.go:10.89,12.2 1 1
ThresholdKyber.com/m/owcpa_TKyber/LSSReplicated.go:14.83,16.2 1 1
ThresholdKyber.com/m/owcpa_TKyber/LSSReplicated.go:18.92,26.25 5 1
ThresholdKyber.com/m/owcpa_TKyber/LSSReplicated.go:33.2,33.23 1 1
ThresholdKyber.com/m/owcpa_TKyber/LSSReplicated.go:38.2,38.25 1 1
ThresholdKyber.com/m/owcpa_TKyber/LSSReplicated.go:59.2,59.15 1 1
ThresholdKyber.com/m/owcpa_TKyber/LSSReplicated.go:26.25,28.42 2 1
ThresholdKyber.com/m/owcpa_TKyber/LSSReplicated.go:28.42,30.4 1 1
ThresholdKyber.com/m/owcpa_TKyber/LSSReplicated.go:33.23,35.3 1 1
ThresholdKyber.com/m/owcpa_TKyber/LSSReplicated.go:38.25,40.42 1 1
ThresholdKyber.com/m/owcpa_TKyber/LSSReplicated.go:40.42,44.16 3 1
ThresholdKyber.com/m/owcpa_TKyber/LSSReplicated.go:47.4,47.22 1 1
ThresholdKyber.com/m/owcpa_TKyber/LSSReplicated.go:44.16,46.5 1 1
ThresholdKyber.com/m/owcpa_TKyber/LSSReplicated.go:47.22,49.49 1 1
ThresholdKyber.com/m/owcpa_TKyber/LSSReplicated.go:49.49,51.6 1 1
ThresholdKyber.com/m/owcpa_TKyber/LSSReplicated.go:62.86,67.41 3 1
ThresholdKyber.com/m/owcpa_TKyber/LSSReplicated.go:82.2,82.32 1 1
ThresholdKyber.com/m/owcpa_TKyber/LSSReplicated.go:67.41,69.26 2 1
ThresholdKyber.com/m/owcpa_TKyber/LSSReplicated.go:69.26,71.16 2 1
ThresholdKyber.com/m/owcpa_TKyber/LSSReplicated.go:74.4,74.16 1 1
ThresholdKyber.com/m/owcpa_TKyber/LSSReplicated.go:71.16,73.5 1 1
ThresholdKyber.com/m/owcpa_TKyber/LSSReplicated.go:74.16,76.10 2 1
ThresholdKyber.com/m/owcpa_TKyber/owcpa_TKyber.go:11.79,20.2 4 1
ThresholdKyber.com/m/owcpa_TKyber/owcpa_TKyber.go:22.61,27.2 4 1
ThresholdKyber.com/m/owcpa_TKyber/owcpa_TKyber.go:29.100,38.33 5 1
ThresholdKyber.com/m/owcpa_TKyber/owcpa_TKyber.go:61.2,61.12 1 1
ThresholdKyber.com/m/owcpa_TKyber/owcpa_TKyber.go:38.33,50.35 4 1
ThresholdKyber.com/m/owcpa_TKyber/owcpa_TKyber.go:57.3,58.40 2 1
ThresholdKyber.com/m/owcpa_TKyber/owcpa_TKyber.go:50.35,52.4 1 1
ThresholdKyber.com/m/owcpa_TKyber/owcpa_TKyber.go:52.9,54.4 1 1
ThresholdKyber.com/m/owcpa_TKyber/owcpa_TKyber.go:64.100,67.2 2 1
ThresholdKyber.com/m/owcpa_TKyber/owcpa_TKyber.go:69.64,73.38 3 1
ThresholdKyber.com/m/owcpa_TKyber/owcpa_TKyber.go:77.2,78.38 2 1
ThresholdKyber.com/m/owcpa_TKyber/owcpa_TKyber.go:82.2,83.33 2 1
ThresholdKyber.com/m/owcpa_TKyber/owcpa_TKyber.go:87.2,89.12 3 1
ThresholdKyber.com/m/owcpa_TKyber/owcpa_TKyber.go:73.38,75.3 1 1
ThresholdKyber.com/m/owcpa_TKyber/owcpa_TKyber.go:78.38,80.3 1 1
ThresholdKyber.com/m/owcpa_TKyber/owcpa_TKyber.go:83.33,85.3 1 1
ThresholdKyber.com/m/owcpa_TKyber/owcpa_TKyber.go:92.62,94.38 2 1
ThresholdKyber.com/m/owcpa_TKyber/owcpa_TKyber.go:98.2,99.35 2 1
ThresholdKyber.com/m/owcpa_TKyber/owcpa_TKyber.go:103.2,104.35 2 1
ThresholdKyber.com/m/owcpa_TKyber/owcpa_TKyber.go:108.2,110.12 3 1
ThresholdKyber.com/m/owcpa_TKyber/owcpa_TKyber.go:94.38,96.3 1 1
ThresholdKyber.com/m/owcpa_TKyber/owcpa_TKyber.go:99.35,101.3 1 1
ThresholdKyber.com/m/owcpa_TKyber/owcpa_TKyber.go:104.35,106.3 1 1
ThresholdKyber.com/m/owcpa_TKyber/owcpa_TKyber.go:113.67,114.58 1 1
ThresholdKyber.com/m/owcpa_TKyber/owcpa_TKyber.go:122.2,122.14 1 0
ThresholdKyber.com/m/owcpa_TKyber/owcpa_TKyber.go:114.58,116.3 1 1
ThresholdKyber.com/m/owcpa_TKyber/owcpa_TKyber.go:116.8,116.67 1 1
ThresholdKyber.com/m/owcpa_TKyber/owcpa_TKyber.go:116.67,118.3 1 1
ThresholdKyber.com/m/owcpa_TKyber/owcpa_TKyber.go:118.8,118.62 1 1
ThresholdKyber.com/m/owcpa_TKyber/owcpa_TKyber.go:118.62,120.3 1 1
ThresholdKyber.com/m/owcpa_TKyber/params.go:23.48,25.14 2 1
ThresholdKyber.com/m/owcpa_TKyber/params.go:59.2,59.11 1 1
ThresholdKyber.com/m/owcpa_TKyber/params.go:26.27,29.32 3 0
ThresholdKyber.com/m/owcpa_TKyber/params.go:30.27,34.32 4 0
ThresholdKyber.com/m/owcpa_TKyber/params.go:35.27,39.32 4 0
ThresholdKyber.com/m/owcpa_TKyber/params.go:40.21,44.32 4 1
ThresholdKyber.com/m/owcpa_TKyber/params.go:45.32,49.34 4 1
ThresholdKyber.com/m/owcpa_TKyber/params.go:50.27,54.29 4 1
ThresholdKyber.com/m/owcpa_TKyber/params.go:55.10,56.60 1 0
