mode: set
ThresholdKyber.com/m/indcpa_TKyber/indcpa_TKyber.go:19.85,21.2 1 1
ThresholdKyber.com/m/indcpa_TKyber/indcpa_TKyber.go:23.89,26.29 3 1
ThresholdKyber.com/m/indcpa_TKyber/indcpa_TKyber.go:30.2,35.29 5 1
ThresholdKyber.com/m/indcpa_TKyber/indcpa_TKyber.go:40.2,42.10 2 1
ThresholdKyber.com/m/indcpa_TKyber/indcpa_TKyber.go:26.29,28.3 1 1
ThresholdKyber.com/m/indcpa_TKyber/indcpa_TKyber.go:35.29,39.3 3 1
ThresholdKyber.com/m/indcpa_TKyber/indcpa_TKyber.go:45.126,47.29 2 1
ThresholdKyber.com/m/indcpa_TKyber/indcpa_TKyber.go:50.2,50.12 1 1
ThresholdKyber.com/m/indcpa_TKyber/indcpa_TKyber.go:47.29,49.3 1 1
ThresholdKyber.com/m/indcpa_TKyber/indcpa_TKyber.go:53.119,65.29 4 1
ThresholdKyber.com/m/indcpa_TKyber/indcpa_TKyber.go:70.2,72.43 2 1
ThresholdKyber.com/m/indcpa_TKyber/indcpa_TKyber.go:76.2,76.11 1 1
ThresholdKyber.com/m/indcpa_TKyber/indcpa_TKyber.go:65.29,68.3 2 1
ThresholdKyber.com/m/indcpa_TKyber/indcpa_TKyber.go:72.43,73.41 1 0
ThresholdKyber.com/m/indcpa_TKyber/indcpa_TKyber.go:79.43,82.30 3 1
ThresholdKyber.com/m/indcpa_TKyber/indcpa_TKyber.go:86.2,87.40 2 1
ThresholdKyber.com/m/indcpa_TKyber/indcpa_TKyber.go:82.30,85.3 2 1
ThresholdKyber.com/m/indcpa_TKyber/indcpa_TKyber.go:90.35,93.30 3 1
ThresholdKyber.com/m/indcpa_TKyber/indcpa_TKyber.go:97.2,98.15 2 1
ThresholdKyber.com/m/indcpa_TKyber/indcpa_TKyber.go:93.30,96.3 2 1
